<?xml version="1.0" encoding="UTF-8"?>
<!-- Generated by org.testng.reporters.JUnitReportReporter -->
<testsuite skipped="0" hostname="lenovo" name="com.Sweety.com.Sweety.Sweety" tests="3" failures="0" timestamp="2022-03-25T16:03:00 IST" time="28.177" errors="0">
  <testcase name="loginToSweety" time="2.903" classname="com.Sweety.com.Sweety.Sweety"/>
  <system-out/>
  <testcase name="enterGlucoseLevels" time="23.349" classname="com.Sweety.com.Sweety.Sweety"/>
  <system-out/>
  <testcase name="viewReports" time="1.925" classname="com.Sweety.com.Sweety.Sweety"/>
  <system-out/>
</testsuite> <!-- com.Sweety.com.Sweety.Sweety -->
